2020-05-05 12:53:11.935 +03:00 [INF] Now listening on: http://localhost:8443
2020-05-05 12:53:12.508 +03:00 [INF] Start webhook with https://80b7986e.ngrok.io/api/telegram/update 1093369186:AAFMPKqDmS2uH2OGpFgCZFmsCqpaPclIKIw
2020-05-05 12:53:14.358 +03:00 [INF] End set webhook
2020-05-05 12:53:14.359 +03:00 [INF] Application started. Press Ctrl+C to shut down.
2020-05-05 12:53:14.359 +03:00 [INF] Hosting environment: Development
2020-05-05 12:53:14.359 +03:00 [INF] Content root path: C:\Projects\Pet\CangguEvents\CangguEvents.TelegramBot\src\CangguEvents.TelegramBot.Webhook
2020-05-05 12:53:14.773 +03:00 [INF] Request starting HTTP/1.1 POST http://80b7986e.ngrok.io/api/telegram/update/1093369186:AAFMPKqDmS2uH2OGpFgCZFmsCqpaPclIKIw application/json 381
2020-05-05 12:53:14.797 +03:00 [INF] Executing endpoint 'CangguEvents.TelegramBot.Webhook.Controllers.TelegramController.Update (CangguEvents.TelegramBot.Webhook)'
2020-05-05 12:53:14.826 +03:00 [INF] Route matched with {action = "Update", controller = "Telegram"}. Executing controller action with signature System.Threading.Tasks.Task Update(System.String, Telegram.Bot.Types.Update) on controller CangguEvents.TelegramBot.Webhook.Controllers.TelegramController (CangguEvents.TelegramBot.Webhook).
2020-05-05 12:54:09.898 +03:00 [INF] Now listening on: http://localhost:8443
2020-05-05 12:54:10.423 +03:00 [INF] Start webhook with https://80b7986e.ngrok.io/api/telegram/update 1093369186:AAFMPKqDmS2uH2OGpFgCZFmsCqpaPclIKIw
2020-05-05 12:54:10.520 +03:00 [INF] End set webhook
2020-05-05 12:54:10.520 +03:00 [INF] Application started. Press Ctrl+C to shut down.
2020-05-05 12:54:10.520 +03:00 [INF] Hosting environment: Development
2020-05-05 12:54:10.520 +03:00 [INF] Content root path: C:\Projects\Pet\CangguEvents\CangguEvents.TelegramBot\src\CangguEvents.TelegramBot.Webhook
2020-05-05 12:54:10.912 +03:00 [INF] Request starting HTTP/1.1 POST http://80b7986e.ngrok.io/api/telegram/update/1093369186:AAFMPKqDmS2uH2OGpFgCZFmsCqpaPclIKIw application/json 381
2020-05-05 12:54:10.933 +03:00 [INF] Executing endpoint 'CangguEvents.TelegramBot.Webhook.Controllers.TelegramController.Update (CangguEvents.TelegramBot.Webhook)'
2020-05-05 12:54:10.958 +03:00 [INF] Route matched with {action = "Update", controller = "Telegram"}. Executing controller action with signature System.Threading.Tasks.Task Update(System.String, Telegram.Bot.Types.Update) on controller CangguEvents.TelegramBot.Webhook.Controllers.TelegramController (CangguEvents.TelegramBot.Webhook).
2020-05-05 12:54:11.091 +03:00 [INF] We received new {"Id":13836615,"Message":{"MessageId":995,"From":{"Id":197056415,"IsBot":false,"FirstName":"Oleh","LastName":"Hrechukh","Username":"olehrechukh","LanguageCode":"en","CanJoinGroups":null,"CanReadAllGroupMessages":null,"SupportsInlineQueries":null,"$type":"User"},"Date":"2020-05-04T10:17:41.0000000Z","Chat":{"Id":197056415,"Type":"Private","Title":null,"Username":"olehrechukh","FirstName":"Oleh","LastName":"Hrechukh","AllMembersAreAdministrators":false,"Photo":null,"Description":null,"InviteLink":null,"PinnedMessage":null,"Permissions":null,"SlowModeDelay":null,"StickerSetName":null,"CanSetStickerSet":null,"$type":"Chat"},"IsForwarded":false,"ForwardFrom":null,"ForwardFromChat":null,"ForwardFromMessageId":0,"ForwardSignature":null,"ForwardSenderName":null,"ForwardDate":null,"ReplyToMessage":null,"EditDate":null,"MediaGroupId":null,"AuthorSignature":null,"Text":"/start","Entities":[{"Type":"BotCommand","Offset":0,"Length":6,"Url":null,"User":null,"Language":null,"$type":"MessageEntity"}],"EntityValues":["/start"],"CaptionEntities":null,"CaptionEntityValues":null,"Audio":null,"Document":null,"Animation":null,"Game":null,"Photo":null,"Sticker":null,"Video":null,"Voice":null,"VideoNote":null,"Caption":null,"Contact":null,"Location":null,"Venue":null,"Poll":null,"Dice":null,"NewChatMembers":null,"LeftChatMember":null,"NewChatTitle":null,"NewChatPhoto":null,"DeleteChatPhoto":false,"GroupChatCreated":false,"SupergroupChatCreated":false,"ChannelChatCreated":false,"MigrateToChatId":0,"MigrateFromChatId":0,"PinnedMessage":null,"Invoice":null,"SuccessfulPayment":null,"ConnectedWebsite":null,"PassportData":null,"ReplyMarkup":null,"Type":"Text","$type":"Message"},"EditedMessage":null,"InlineQuery":null,"ChosenInlineResult":null,"CallbackQuery":null,"ChannelPost":null,"EditedChannelPost":null,"ShippingQuery":null,"PreCheckoutQuery":null,"Poll":null,"PollAnswer":null,"Type":"Message","$type":"Update"}
2020-05-05 12:54:11.094 +03:00 [INF] Parse Telegram.Bot.Types.Update to CangguEvents.TelegramBot.Application.Models.Commands.StartCommand
2020-05-05 12:54:11.099 +03:00 [INF] Send CangguEvents.TelegramBot.Application.Models.Responses.KeyboardTelegramResponse
2020-05-05 12:54:17.770 +03:00 [INF] Executed action CangguEvents.TelegramBot.Webhook.Controllers.TelegramController.Update (CangguEvents.TelegramBot.Webhook) in 6809.3109ms
2020-05-05 12:54:17.771 +03:00 [INF] Executed endpoint 'CangguEvents.TelegramBot.Webhook.Controllers.TelegramController.Update (CangguEvents.TelegramBot.Webhook)'
2020-05-05 12:54:17.771 +03:00 [INF] HTTP POST /api/telegram/update/1093369186:AAFMPKqDmS2uH2OGpFgCZFmsCqpaPclIKIw responded 200 in 6855.0934 ms
2020-05-05 12:54:17.785 +03:00 [INF] Request finished in 6874.1841ms 200 
2020-05-05 12:54:18.028 +03:00 [INF] Request starting HTTP/1.1 POST http://80b7986e.ngrok.io/api/telegram/update/1093369186:AAFMPKqDmS2uH2OGpFgCZFmsCqpaPclIKIw application/json 381
2020-05-05 12:54:18.028 +03:00 [INF] Executing endpoint 'CangguEvents.TelegramBot.Webhook.Controllers.TelegramController.Update (CangguEvents.TelegramBot.Webhook)'
2020-05-05 12:54:18.029 +03:00 [INF] Route matched with {action = "Update", controller = "Telegram"}. Executing controller action with signature System.Threading.Tasks.Task Update(System.String, Telegram.Bot.Types.Update) on controller CangguEvents.TelegramBot.Webhook.Controllers.TelegramController (CangguEvents.TelegramBot.Webhook).
2020-05-05 12:54:18.030 +03:00 [INF] We received new {"Id":13836616,"Message":{"MessageId":996,"From":{"Id":197056415,"IsBot":false,"FirstName":"Oleh","LastName":"Hrechukh","Username":"olehrechukh","LanguageCode":"en","CanJoinGroups":null,"CanReadAllGroupMessages":null,"SupportsInlineQueries":null,"$type":"User"},"Date":"2020-05-05T09:38:28.0000000Z","Chat":{"Id":197056415,"Type":"Private","Title":null,"Username":"olehrechukh","FirstName":"Oleh","LastName":"Hrechukh","AllMembersAreAdministrators":false,"Photo":null,"Description":null,"InviteLink":null,"PinnedMessage":null,"Permissions":null,"SlowModeDelay":null,"StickerSetName":null,"CanSetStickerSet":null,"$type":"Chat"},"IsForwarded":false,"ForwardFrom":null,"ForwardFromChat":null,"ForwardFromMessageId":0,"ForwardSignature":null,"ForwardSenderName":null,"ForwardDate":null,"ReplyToMessage":null,"EditDate":null,"MediaGroupId":null,"AuthorSignature":null,"Text":"/start","Entities":[{"Type":"BotCommand","Offset":0,"Length":6,"Url":null,"User":null,"Language":null,"$type":"MessageEntity"}],"EntityValues":["/start"],"CaptionEntities":null,"CaptionEntityValues":null,"Audio":null,"Document":null,"Animation":null,"Game":null,"Photo":null,"Sticker":null,"Video":null,"Voice":null,"VideoNote":null,"Caption":null,"Contact":null,"Location":null,"Venue":null,"Poll":null,"Dice":null,"NewChatMembers":null,"LeftChatMember":null,"NewChatTitle":null,"NewChatPhoto":null,"DeleteChatPhoto":false,"GroupChatCreated":false,"SupergroupChatCreated":false,"ChannelChatCreated":false,"MigrateToChatId":0,"MigrateFromChatId":0,"PinnedMessage":null,"Invoice":null,"SuccessfulPayment":null,"ConnectedWebsite":null,"PassportData":null,"ReplyMarkup":null,"Type":"Text","$type":"Message"},"EditedMessage":null,"InlineQuery":null,"ChosenInlineResult":null,"CallbackQuery":null,"ChannelPost":null,"EditedChannelPost":null,"ShippingQuery":null,"PreCheckoutQuery":null,"Poll":null,"PollAnswer":null,"Type":"Message","$type":"Update"}
2020-05-05 12:54:18.030 +03:00 [INF] Parse Telegram.Bot.Types.Update to CangguEvents.TelegramBot.Application.Models.Commands.StartCommand
2020-05-05 12:54:18.030 +03:00 [INF] Send CangguEvents.TelegramBot.Application.Models.Responses.KeyboardTelegramResponse
2020-05-05 12:54:46.674 +03:00 [INF] Now listening on: http://localhost:8443
2020-05-05 12:54:47.204 +03:00 [INF] Start webhook with https://80b7986e.ngrok.io/api/telegram/update 1093369186:AAFMPKqDmS2uH2OGpFgCZFmsCqpaPclIKIw
2020-05-05 12:54:47.303 +03:00 [INF] End set webhook
2020-05-05 12:54:47.304 +03:00 [INF] Application started. Press Ctrl+C to shut down.
2020-05-05 12:54:47.304 +03:00 [INF] Hosting environment: Development
2020-05-05 12:54:47.304 +03:00 [INF] Content root path: C:\Projects\Pet\CangguEvents\CangguEvents.TelegramBot\src\CangguEvents.TelegramBot.Webhook
2020-05-05 12:54:47.713 +03:00 [INF] Request starting HTTP/1.1 POST http://80b7986e.ngrok.io/api/telegram/update/1093369186:AAFMPKqDmS2uH2OGpFgCZFmsCqpaPclIKIw application/json 381
2020-05-05 12:54:47.735 +03:00 [INF] Executing endpoint 'CangguEvents.TelegramBot.Webhook.Controllers.TelegramController.Update (CangguEvents.TelegramBot.Webhook)'
2020-05-05 12:54:47.761 +03:00 [INF] Route matched with {action = "Update", controller = "Telegram"}. Executing controller action with signature System.Threading.Tasks.Task Update(System.String, Telegram.Bot.Types.Update) on controller CangguEvents.TelegramBot.Webhook.Controllers.TelegramController (CangguEvents.TelegramBot.Webhook).
2020-05-05 12:56:34.466 +03:00 [INF] Now listening on: http://localhost:8443
2020-05-05 12:56:34.957 +03:00 [INF] Start webhook with https://80b7986e.ngrok.io/api/telegram/update 1093369186:AAFMPKqDmS2uH2OGpFgCZFmsCqpaPclIKIw
2020-05-05 12:56:35.058 +03:00 [INF] End set webhook
2020-05-05 12:56:35.059 +03:00 [INF] Application started. Press Ctrl+C to shut down.
2020-05-05 12:56:35.059 +03:00 [INF] Hosting environment: Development
2020-05-05 12:56:35.059 +03:00 [INF] Content root path: C:\Projects\Pet\CangguEvents\CangguEvents.TelegramBot\src\CangguEvents.TelegramBot.Webhook
2020-05-05 12:56:35.448 +03:00 [INF] Request starting HTTP/1.1 POST http://80b7986e.ngrok.io/api/telegram/update/1093369186:AAFMPKqDmS2uH2OGpFgCZFmsCqpaPclIKIw application/json 381
2020-05-05 12:56:35.472 +03:00 [INF] Executing endpoint 'CangguEvents.TelegramBot.Webhook.Controllers.TelegramController.Update (CangguEvents.TelegramBot.Webhook)'
2020-05-05 12:56:35.500 +03:00 [INF] Route matched with {action = "Update", controller = "Telegram"}. Executing controller action with signature System.Threading.Tasks.Task Update(System.String, Telegram.Bot.Types.Update) on controller CangguEvents.TelegramBot.Webhook.Controllers.TelegramController (CangguEvents.TelegramBot.Webhook).
2020-05-05 12:56:35.627 +03:00 [INF] We received new {"Id":13836616,"Message":{"MessageId":996,"From":{"Id":197056415,"IsBot":false,"FirstName":"Oleh","LastName":"Hrechukh","Username":"olehrechukh","LanguageCode":"en","CanJoinGroups":null,"CanReadAllGroupMessages":null,"SupportsInlineQueries":null,"$type":"User"},"Date":"2020-05-05T09:38:28.0000000Z","Chat":{"Id":197056415,"Type":"Private","Title":null,"Username":"olehrechukh","FirstName":"Oleh","LastName":"Hrechukh","AllMembersAreAdministrators":false,"Photo":null,"Description":null,"InviteLink":null,"PinnedMessage":null,"Permissions":null,"SlowModeDelay":null,"StickerSetName":null,"CanSetStickerSet":null,"$type":"Chat"},"IsForwarded":false,"ForwardFrom":null,"ForwardFromChat":null,"ForwardFromMessageId":0,"ForwardSignature":null,"ForwardSenderName":null,"ForwardDate":null,"ReplyToMessage":null,"EditDate":null,"MediaGroupId":null,"AuthorSignature":null,"Text":"/start","Entities":[{"Type":"BotCommand","Offset":0,"Length":6,"Url":null,"User":null,"Language":null,"$type":"MessageEntity"}],"EntityValues":["/start"],"CaptionEntities":null,"CaptionEntityValues":null,"Audio":null,"Document":null,"Animation":null,"Game":null,"Photo":null,"Sticker":null,"Video":null,"Voice":null,"VideoNote":null,"Caption":null,"Contact":null,"Location":null,"Venue":null,"Poll":null,"Dice":null,"NewChatMembers":null,"LeftChatMember":null,"NewChatTitle":null,"NewChatPhoto":null,"DeleteChatPhoto":false,"GroupChatCreated":false,"SupergroupChatCreated":false,"ChannelChatCreated":false,"MigrateToChatId":0,"MigrateFromChatId":0,"PinnedMessage":null,"Invoice":null,"SuccessfulPayment":null,"ConnectedWebsite":null,"PassportData":null,"ReplyMarkup":null,"Type":"Text","$type":"Message"},"EditedMessage":null,"InlineQuery":null,"ChosenInlineResult":null,"CallbackQuery":null,"ChannelPost":null,"EditedChannelPost":null,"ShippingQuery":null,"PreCheckoutQuery":null,"Poll":null,"PollAnswer":null,"Type":"Message","$type":"Update"}
2020-05-05 12:56:35.630 +03:00 [INF] Parse Telegram.Bot.Types.Update to CangguEvents.TelegramBot.Application.Models.Commands.StartCommand
2020-05-05 12:57:08.762 +03:00 [INF] Executed action CangguEvents.TelegramBot.Webhook.Controllers.TelegramController.Update (CangguEvents.TelegramBot.Webhook) in 33259.5612ms
2020-05-05 12:57:08.763 +03:00 [INF] Executed endpoint 'CangguEvents.TelegramBot.Webhook.Controllers.TelegramController.Update (CangguEvents.TelegramBot.Webhook)'
2020-05-05 12:57:08.831 +03:00 [ERR] HTTP POST /api/telegram/update/1093369186:AAFMPKqDmS2uH2OGpFgCZFmsCqpaPclIKIw responded 500 in 33373.4767 ms
System.TimeoutException: A timeout occured after 30000ms selecting a server using CompositeServerSelector{ Selectors = MongoDB.Driver.MongoClient+AreSessionsSupportedServerSelector, LatencyLimitingServerSelector{ AllowedLatencyRange = 00:00:00.0150000 } }. Client view of cluster state is { ClusterId : "1", ConnectionMode : "ReplicaSet", Type : "ReplicaSet", State : "Disconnected", Servers : [{ ServerId: "{ ClusterId : 1, EndPoint : "Unspecified/cluster0-shard-00-00-m2wfz.azure.mongodb.net:27017" }", EndPoint: "Unspecified/cluster0-shard-00-00-m2wfz.azure.mongodb.net:27017", State: "Disconnected", Type: "Unknown", HeartbeatException: "MongoDB.Driver.MongoConnectionException: An exception occurred while opening a connection to the server.
 ---> MongoDB.Driver.MongoConnectionException: An exception occurred while receiving a message from the server.
 ---> System.IO.EndOfStreamException: Attempted to read past the end of the stream.
   at MongoDB.Driver.Core.Misc.StreamExtensionMethods.ReadBytesAsync(Stream stream, Byte[] buffer, Int32 offset, Int32 count, TimeSpan timeout, CancellationToken cancellationToken)
   at MongoDB.Driver.Core.Connections.BinaryConnection.ReceiveBufferAsync()
   --- End of inner exception stack trace ---
   at MongoDB.Driver.Core.Connections.BinaryConnection.ReceiveBufferAsync()
   at MongoDB.Driver.Core.Connections.BinaryConnection.ReceiveBufferAsync(Int32 responseTo, CancellationToken cancellationToken)
   at MongoDB.Driver.Core.Connections.BinaryConnection.ReceiveMessageAsync(Int32 responseTo, IMessageEncoderSelector encoderSelector, MessageEncoderSettings messageEncoderSettings, CancellationToken cancellationToken)
   at MongoDB.Driver.Core.WireProtocol.CommandUsingQueryMessageWireProtocol`1.ExecuteAsync(IConnection connection, CancellationToken cancellationToken)
   at MongoDB.Driver.Core.Connections.IsMasterHelper.GetResultAsync(IConnection connection, CommandWireProtocol`1 isMasterProtocol, CancellationToken cancellationToken)
   at MongoDB.Driver.Core.Connections.ConnectionInitializer.InitializeConnectionAsync(IConnection connection, CancellationToken cancellationToken)
   at MongoDB.Driver.Core.Connections.BinaryConnection.OpenHelperAsync(CancellationToken cancellationToken)
   --- End of inner exception stack trace ---
   at MongoDB.Driver.Core.Connections.BinaryConnection.OpenHelperAsync(CancellationToken cancellationToken)
   at MongoDB.Driver.Core.Servers.ServerMonitor.HeartbeatAsync(CancellationToken cancellationToken)", LastUpdateTimestamp: "2020-05-05T09:57:07.4953161Z" }, { ServerId: "{ ClusterId : 1, EndPoint : "Unspecified/cluster0-shard-00-01-m2wfz.azure.mongodb.net:27017" }", EndPoint: "Unspecified/cluster0-shard-00-01-m2wfz.azure.mongodb.net:27017", State: "Disconnected", Type: "Unknown", HeartbeatException: "MongoDB.Driver.MongoConnectionException: An exception occurred while opening a connection to the server.
 ---> MongoDB.Driver.MongoConnectionException: An exception occurred while receiving a message from the server.
 ---> System.IO.EndOfStreamException: Attempted to read past the end of the stream.
   at MongoDB.Driver.Core.Misc.StreamExtensionMethods.ReadBytesAsync(Stream stream, Byte[] buffer, Int32 offset, Int32 count, TimeSpan timeout, CancellationToken cancellationToken)
   at MongoDB.Driver.Core.Connections.BinaryConnection.ReceiveBufferAsync()
   --- End of inner exception stack trace ---
   at MongoDB.Driver.Core.Connections.BinaryConnection.ReceiveBufferAsync()
   at MongoDB.Driver.Core.Connections.BinaryConnection.ReceiveBufferAsync(Int32 responseTo, CancellationToken cancellationToken)
   at MongoDB.Driver.Core.Connections.BinaryConnection.ReceiveMessageAsync(Int32 responseTo, IMessageEncoderSelector encoderSelector, MessageEncoderSettings messageEncoderSettings, CancellationToken cancellationToken)
   at MongoDB.Driver.Core.WireProtocol.CommandUsingQueryMessageWireProtocol`1.ExecuteAsync(IConnection connection, CancellationToken cancellationToken)
   at MongoDB.Driver.Core.Connections.IsMasterHelper.GetResultAsync(IConnection connection, CommandWireProtocol`1 isMasterProtocol, CancellationToken cancellationToken)
   at MongoDB.Driver.Core.Connections.ConnectionInitializer.InitializeConnectionAsync(IConnection connection, CancellationToken cancellationToken)
   at MongoDB.Driver.Core.Connections.BinaryConnection.OpenHelperAsync(CancellationToken cancellationToken)
   --- End of inner exception stack trace ---
   at MongoDB.Driver.Core.Connections.BinaryConnection.OpenHelperAsync(CancellationToken cancellationToken)
   at MongoDB.Driver.Core.Servers.ServerMonitor.HeartbeatAsync(CancellationToken cancellationToken)", LastUpdateTimestamp: "2020-05-05T09:57:07.5462053Z" }, { ServerId: "{ ClusterId : 1, EndPoint : "Unspecified/cluster0-shard-00-02-m2wfz.azure.mongodb.net:27017" }", EndPoint: "Unspecified/cluster0-shard-00-02-m2wfz.azure.mongodb.net:27017", State: "Disconnected", Type: "Unknown", HeartbeatException: "MongoDB.Driver.MongoConnectionException: An exception occurred while opening a connection to the server.
 ---> MongoDB.Driver.MongoConnectionException: An exception occurred while receiving a message from the server.
 ---> System.IO.EndOfStreamException: Attempted to read past the end of the stream.
   at MongoDB.Driver.Core.Misc.StreamExtensionMethods.ReadBytesAsync(Stream stream, Byte[] buffer, Int32 offset, Int32 count, TimeSpan timeout, CancellationToken cancellationToken)
   at MongoDB.Driver.Core.Connections.BinaryConnection.ReceiveBufferAsync()
   --- End of inner exception stack trace ---
   at MongoDB.Driver.Core.Connections.BinaryConnection.ReceiveBufferAsync()
   at MongoDB.Driver.Core.Connections.BinaryConnection.ReceiveBufferAsync(Int32 responseTo, CancellationToken cancellationToken)
   at MongoDB.Driver.Core.Connections.BinaryConnection.ReceiveMessageAsync(Int32 responseTo, IMessageEncoderSelector encoderSelector, MessageEncoderSettings messageEncoderSettings, CancellationToken cancellationToken)
   at MongoDB.Driver.Core.WireProtocol.CommandUsingQueryMessageWireProtocol`1.ExecuteAsync(IConnection connection, CancellationToken cancellationToken)
   at MongoDB.Driver.Core.Connections.IsMasterHelper.GetResultAsync(IConnection connection, CommandWireProtocol`1 isMasterProtocol, CancellationToken cancellationToken)
   at MongoDB.Driver.Core.Connections.ConnectionInitializer.InitializeConnectionAsync(IConnection connection, CancellationToken cancellationToken)
   at MongoDB.Driver.Core.Connections.BinaryConnection.OpenHelperAsync(CancellationToken cancellationToken)
   --- End of inner exception stack trace ---
   at MongoDB.Driver.Core.Connections.BinaryConnection.OpenHelperAsync(CancellationToken cancellationToken)
   at MongoDB.Driver.Core.Servers.ServerMonitor.HeartbeatAsync(CancellationToken cancellationToken)", LastUpdateTimestamp: "2020-05-05T09:57:08.0175198Z" }] }.
   at MongoDB.Driver.Core.Clusters.Cluster.ThrowTimeoutException(IServerSelector selector, ClusterDescription description)
   at MongoDB.Driver.Core.Clusters.Cluster.WaitForDescriptionChangedHelper.HandleCompletedTask(Task completedTask)
   at MongoDB.Driver.Core.Clusters.Cluster.WaitForDescriptionChangedAsync(IServerSelector selector, ClusterDescription description, Task descriptionChangedTask, TimeSpan timeout, CancellationToken cancellationToken)
   at MongoDB.Driver.Core.Clusters.Cluster.SelectServerAsync(IServerSelector selector, CancellationToken cancellationToken)
   at MongoDB.Driver.MongoClient.AreSessionsSupportedAfterSeverSelctionAsync(CancellationToken cancellationToken)
   at MongoDB.Driver.MongoClient.AreSessionsSupportedAsync(CancellationToken cancellationToken)
   at MongoDB.Driver.MongoClient.StartImplicitSessionAsync(CancellationToken cancellationToken)
   at MongoDB.Driver.MongoCollectionImpl`1.UsingImplicitSessionAsync[TResult](Func`2 funcAsync, CancellationToken cancellationToken)
   at MongoDB.Driver.MongoCollectionBase`1.InsertOneAsync(TDocument document, InsertOneOptions options, Func`3 bulkWriteAsync)
   at CangguEvents.MongoDb.Repositories.UserStatesMongoRepository.CreateUser(Int64 userId, UserState state, CancellationToken cancellationToken) in C:\Projects\Pet\CangguEvents\CangguEvents.MongoDb\src\CangguEvents.MongoDb\Repositories\UserStatesMongoRepository.cs:line 33
   at CangguEvents.TelegramBot.Application.Mediatr.Handlers.StartHandler.Handle(StartCommand request, CancellationToken cancellationToken) in C:\Projects\Pet\CangguEvents\CangguEvents.TelegramBot\src\CangguEvents.TelegramBot.Application\Mediatr\Handlers\StartHandler.cs:line 29
   at CangguEvents.TelegramBot.Application.Services.TelegramMessageHandler.Handle(Update update) in C:\Projects\Pet\CangguEvents\CangguEvents.TelegramBot\src\CangguEvents.TelegramBot.Application\Services\TelegramMessageHandler.cs:line 41
   at CangguEvents.TelegramBot.Webhook.Controllers.TelegramController.Update(String token, Update update) in C:\Projects\Pet\CangguEvents\CangguEvents.TelegramBot\src\CangguEvents.TelegramBot.Webhook\Controllers\TelegramController.cs:line 36
   at lambda_method(Closure , Object )
   at Microsoft.Extensions.Internal.ObjectMethodExecutorAwaitable.Awaiter.GetResult()
   at Microsoft.AspNetCore.Mvc.Infrastructure.ActionMethodExecutor.AwaitableResultExecutor.Execute(IActionResultTypeMapper mapper, ObjectMethodExecutor executor, Object controller, Object[] arguments)
   at Microsoft.AspNetCore.Mvc.Infrastructure.ControllerActionInvoker.<InvokeActionMethodAsync>g__Awaited|12_0(ControllerActionInvoker invoker, ValueTask`1 actionResultValueTask)
   at Microsoft.AspNetCore.Mvc.Infrastructure.ControllerActionInvoker.<InvokeNextActionFilterAsync>g__Awaited|10_0(ControllerActionInvoker invoker, Task lastTask, State next, Scope scope, Object state, Boolean isCompleted)
   at Microsoft.AspNetCore.Mvc.Infrastructure.ControllerActionInvoker.Rethrow(ActionExecutedContextSealed context)
   at Microsoft.AspNetCore.Mvc.Infrastructure.ControllerActionInvoker.Next(State& next, Scope& scope, Object& state, Boolean& isCompleted)
   at Microsoft.AspNetCore.Mvc.Infrastructure.ControllerActionInvoker.<InvokeInnerFilterAsync>g__Awaited|13_0(ControllerActionInvoker invoker, Task lastTask, State next, Scope scope, Object state, Boolean isCompleted)
   at Microsoft.AspNetCore.Mvc.Infrastructure.ResourceInvoker.<InvokeFilterPipelineAsync>g__Awaited|19_0(ResourceInvoker invoker, Task lastTask, State next, Scope scope, Object state, Boolean isCompleted)
   at Microsoft.AspNetCore.Mvc.Infrastructure.ResourceInvoker.<InvokeAsync>g__Logged|17_1(ResourceInvoker invoker)
   at Microsoft.AspNetCore.Routing.EndpointMiddleware.<Invoke>g__AwaitRequestTask|6_0(Endpoint endpoint, Task requestTask, ILogger logger)
   at CangguEvents.TelegramBot.Webhook.Middleware.SerilogMiddleware.Invoke(HttpContext httpContext) in C:\Projects\Pet\CangguEvents\CangguEvents.TelegramBot\src\CangguEvents.TelegramBot.Webhook\Middleware\SerilogMiddleware.cs:line 56
   at CangguEvents.TelegramBot.Webhook.Middleware.ExceptionMiddleware.InvokeAsync(HttpContext httpContext) in C:\Projects\Pet\CangguEvents\CangguEvents.TelegramBot\src\CangguEvents.TelegramBot.Webhook\Middleware\ExceptionMiddleware.cs:line 25
2020-05-05 12:57:08.963 +03:00 [ERR] Something went wrong: System.TimeoutException: A timeout occured after 30000ms selecting a server using CompositeServerSelector{ Selectors = MongoDB.Driver.MongoClient+AreSessionsSupportedServerSelector, LatencyLimitingServerSelector{ AllowedLatencyRange = 00:00:00.0150000 } }. Client view of cluster state is { ClusterId : "1", ConnectionMode : "ReplicaSet", Type : "ReplicaSet", State : "Disconnected", Servers : [{ ServerId: "{ ClusterId : 1, EndPoint : "Unspecified/cluster0-shard-00-00-m2wfz.azure.mongodb.net:27017" }", EndPoint: "Unspecified/cluster0-shard-00-00-m2wfz.azure.mongodb.net:27017", State: "Disconnected", Type: "Unknown", HeartbeatException: "MongoDB.Driver.MongoConnectionException: An exception occurred while opening a connection to the server.
 ---> MongoDB.Driver.MongoConnectionException: An exception occurred while receiving a message from the server.
 ---> System.IO.EndOfStreamException: Attempted to read past the end of the stream.
   at MongoDB.Driver.Core.Misc.StreamExtensionMethods.ReadBytesAsync(Stream stream, Byte[] buffer, Int32 offset, Int32 count, TimeSpan timeout, CancellationToken cancellationToken)
   at MongoDB.Driver.Core.Connections.BinaryConnection.ReceiveBufferAsync()
   --- End of inner exception stack trace ---
   at MongoDB.Driver.Core.Connections.BinaryConnection.ReceiveBufferAsync()
   at MongoDB.Driver.Core.Connections.BinaryConnection.ReceiveBufferAsync(Int32 responseTo, CancellationToken cancellationToken)
   at MongoDB.Driver.Core.Connections.BinaryConnection.ReceiveMessageAsync(Int32 responseTo, IMessageEncoderSelector encoderSelector, MessageEncoderSettings messageEncoderSettings, CancellationToken cancellationToken)
   at MongoDB.Driver.Core.WireProtocol.CommandUsingQueryMessageWireProtocol`1.ExecuteAsync(IConnection connection, CancellationToken cancellationToken)
   at MongoDB.Driver.Core.Connections.IsMasterHelper.GetResultAsync(IConnection connection, CommandWireProtocol`1 isMasterProtocol, CancellationToken cancellationToken)
   at MongoDB.Driver.Core.Connections.ConnectionInitializer.InitializeConnectionAsync(IConnection connection, CancellationToken cancellationToken)
   at MongoDB.Driver.Core.Connections.BinaryConnection.OpenHelperAsync(CancellationToken cancellationToken)
   --- End of inner exception stack trace ---
   at MongoDB.Driver.Core.Connections.BinaryConnection.OpenHelperAsync(CancellationToken cancellationToken)
   at MongoDB.Driver.Core.Servers.ServerMonitor.HeartbeatAsync(CancellationToken cancellationToken)", LastUpdateTimestamp: "2020-05-05T09:57:07.4953161Z" }, { ServerId: "{ ClusterId : 1, EndPoint : "Unspecified/cluster0-shard-00-01-m2wfz.azure.mongodb.net:27017" }", EndPoint: "Unspecified/cluster0-shard-00-01-m2wfz.azure.mongodb.net:27017", State: "Disconnected", Type: "Unknown", HeartbeatException: "MongoDB.Driver.MongoConnectionException: An exception occurred while opening a connection to the server.
 ---> MongoDB.Driver.MongoConnectionException: An exception occurred while receiving a message from the server.
 ---> System.IO.EndOfStreamException: Attempted to read past the end of the stream.
   at MongoDB.Driver.Core.Misc.StreamExtensionMethods.ReadBytesAsync(Stream stream, Byte[] buffer, Int32 offset, Int32 count, TimeSpan timeout, CancellationToken cancellationToken)
   at MongoDB.Driver.Core.Connections.BinaryConnection.ReceiveBufferAsync()
   --- End of inner exception stack trace ---
   at MongoDB.Driver.Core.Connections.BinaryConnection.ReceiveBufferAsync()
   at MongoDB.Driver.Core.Connections.BinaryConnection.ReceiveBufferAsync(Int32 responseTo, CancellationToken cancellationToken)
   at MongoDB.Driver.Core.Connections.BinaryConnection.ReceiveMessageAsync(Int32 responseTo, IMessageEncoderSelector encoderSelector, MessageEncoderSettings messageEncoderSettings, CancellationToken cancellationToken)
   at MongoDB.Driver.Core.WireProtocol.CommandUsingQueryMessageWireProtocol`1.ExecuteAsync(IConnection connection, CancellationToken cancellationToken)
   at MongoDB.Driver.Core.Connections.IsMasterHelper.GetResultAsync(IConnection connection, CommandWireProtocol`1 isMasterProtocol, CancellationToken cancellationToken)
   at MongoDB.Driver.Core.Connections.ConnectionInitializer.InitializeConnectionAsync(IConnection connection, CancellationToken cancellationToken)
   at MongoDB.Driver.Core.Connections.BinaryConnection.OpenHelperAsync(CancellationToken cancellationToken)
   --- End of inner exception stack trace ---
   at MongoDB.Driver.Core.Connections.BinaryConnection.OpenHelperAsync(CancellationToken cancellationToken)
   at MongoDB.Driver.Core.Servers.ServerMonitor.HeartbeatAsync(CancellationToken cancellationToken)", LastUpdateTimestamp: "2020-05-05T09:57:07.5462053Z" }, { ServerId: "{ ClusterId : 1, EndPoint : "Unspecified/cluster0-shard-00-02-m2wfz.azure.mongodb.net:27017" }", EndPoint: "Unspecified/cluster0-shard-00-02-m2wfz.azure.mongodb.net:27017", State: "Disconnected", Type: "Unknown", HeartbeatException: "MongoDB.Driver.MongoConnectionException: An exception occurred while opening a connection to the server.
 ---> MongoDB.Driver.MongoConnectionException: An exception occurred while receiving a message from the server.
 ---> System.IO.EndOfStreamException: Attempted to read past the end of the stream.
   at MongoDB.Driver.Core.Misc.StreamExtensionMethods.ReadBytesAsync(Stream stream, Byte[] buffer, Int32 offset, Int32 count, TimeSpan timeout, CancellationToken cancellationToken)
   at MongoDB.Driver.Core.Connections.BinaryConnection.ReceiveBufferAsync()
   --- End of inner exception stack trace ---
   at MongoDB.Driver.Core.Connections.BinaryConnection.ReceiveBufferAsync()
   at MongoDB.Driver.Core.Connections.BinaryConnection.ReceiveBufferAsync(Int32 responseTo, CancellationToken cancellationToken)
   at MongoDB.Driver.Core.Connections.BinaryConnection.ReceiveMessageAsync(Int32 responseTo, IMessageEncoderSelector encoderSelector, MessageEncoderSettings messageEncoderSettings, CancellationToken cancellationToken)
   at MongoDB.Driver.Core.WireProtocol.CommandUsingQueryMessageWireProtocol`1.ExecuteAsync(IConnection connection, CancellationToken cancellationToken)
   at MongoDB.Driver.Core.Connections.IsMasterHelper.GetResultAsync(IConnection connection, CommandWireProtocol`1 isMasterProtocol, CancellationToken cancellationToken)
   at MongoDB.Driver.Core.Connections.ConnectionInitializer.InitializeConnectionAsync(IConnection connection, CancellationToken cancellationToken)
   at MongoDB.Driver.Core.Connections.BinaryConnection.OpenHelperAsync(CancellationToken cancellationToken)
   --- End of inner exception stack trace ---
   at MongoDB.Driver.Core.Connections.BinaryConnection.OpenHelperAsync(CancellationToken cancellationToken)
   at MongoDB.Driver.Core.Servers.ServerMonitor.HeartbeatAsync(CancellationToken cancellationToken)", LastUpdateTimestamp: "2020-05-05T09:57:08.0175198Z" }] }.
   at MongoDB.Driver.Core.Clusters.Cluster.ThrowTimeoutException(IServerSelector selector, ClusterDescription description)
   at MongoDB.Driver.Core.Clusters.Cluster.WaitForDescriptionChangedHelper.HandleCompletedTask(Task completedTask)
   at MongoDB.Driver.Core.Clusters.Cluster.WaitForDescriptionChangedAsync(IServerSelector selector, ClusterDescription description, Task descriptionChangedTask, TimeSpan timeout, CancellationToken cancellationToken)
   at MongoDB.Driver.Core.Clusters.Cluster.SelectServerAsync(IServerSelector selector, CancellationToken cancellationToken)
   at MongoDB.Driver.MongoClient.AreSessionsSupportedAfterSeverSelctionAsync(CancellationToken cancellationToken)
   at MongoDB.Driver.MongoClient.AreSessionsSupportedAsync(CancellationToken cancellationToken)
   at MongoDB.Driver.MongoClient.StartImplicitSessionAsync(CancellationToken cancellationToken)
   at MongoDB.Driver.MongoCollectionImpl`1.UsingImplicitSessionAsync[TResult](Func`2 funcAsync, CancellationToken cancellationToken)
   at MongoDB.Driver.MongoCollectionBase`1.InsertOneAsync(TDocument document, InsertOneOptions options, Func`3 bulkWriteAsync)
   at CangguEvents.MongoDb.Repositories.UserStatesMongoRepository.CreateUser(Int64 userId, UserState state, CancellationToken cancellationToken) in C:\Projects\Pet\CangguEvents\CangguEvents.MongoDb\src\CangguEvents.MongoDb\Repositories\UserStatesMongoRepository.cs:line 33
   at CangguEvents.TelegramBot.Application.Mediatr.Handlers.StartHandler.Handle(StartCommand request, CancellationToken cancellationToken) in C:\Projects\Pet\CangguEvents\CangguEvents.TelegramBot\src\CangguEvents.TelegramBot.Application\Mediatr\Handlers\StartHandler.cs:line 29
   at CangguEvents.TelegramBot.Application.Services.TelegramMessageHandler.Handle(Update update) in C:\Projects\Pet\CangguEvents\CangguEvents.TelegramBot\src\CangguEvents.TelegramBot.Application\Services\TelegramMessageHandler.cs:line 41
   at CangguEvents.TelegramBot.Webhook.Controllers.TelegramController.Update(String token, Update update) in C:\Projects\Pet\CangguEvents\CangguEvents.TelegramBot\src\CangguEvents.TelegramBot.Webhook\Controllers\TelegramController.cs:line 36
   at lambda_method(Closure , Object )
   at Microsoft.Extensions.Internal.ObjectMethodExecutorAwaitable.Awaiter.GetResult()
   at Microsoft.AspNetCore.Mvc.Infrastructure.ActionMethodExecutor.AwaitableResultExecutor.Execute(IActionResultTypeMapper mapper, ObjectMethodExecutor executor, Object controller, Object[] arguments)
   at Microsoft.AspNetCore.Mvc.Infrastructure.ControllerActionInvoker.<InvokeActionMethodAsync>g__Awaited|12_0(ControllerActionInvoker invoker, ValueTask`1 actionResultValueTask)
   at Microsoft.AspNetCore.Mvc.Infrastructure.ControllerActionInvoker.<InvokeNextActionFilterAsync>g__Awaited|10_0(ControllerActionInvoker invoker, Task lastTask, State next, Scope scope, Object state, Boolean isCompleted)
   at Microsoft.AspNetCore.Mvc.Infrastructure.ControllerActionInvoker.Rethrow(ActionExecutedContextSealed context)
   at Microsoft.AspNetCore.Mvc.Infrastructure.ControllerActionInvoker.Next(State& next, Scope& scope, Object& state, Boolean& isCompleted)
   at Microsoft.AspNetCore.Mvc.Infrastructure.ControllerActionInvoker.<InvokeInnerFilterAsync>g__Awaited|13_0(ControllerActionInvoker invoker, Task lastTask, State next, Scope scope, Object state, Boolean isCompleted)
   at Microsoft.AspNetCore.Mvc.Infrastructure.ResourceInvoker.<InvokeFilterPipelineAsync>g__Awaited|19_0(ResourceInvoker invoker, Task lastTask, State next, Scope scope, Object state, Boolean isCompleted)
   at Microsoft.AspNetCore.Mvc.Infrastructure.ResourceInvoker.<InvokeAsync>g__Logged|17_1(ResourceInvoker invoker)
   at Microsoft.AspNetCore.Routing.EndpointMiddleware.<Invoke>g__AwaitRequestTask|6_0(Endpoint endpoint, Task requestTask, ILogger logger)
   at CangguEvents.TelegramBot.Webhook.Middleware.SerilogMiddleware.Invoke(HttpContext httpContext) in C:\Projects\Pet\CangguEvents\CangguEvents.TelegramBot\src\CangguEvents.TelegramBot.Webhook\Middleware\SerilogMiddleware.cs:line 56
   at CangguEvents.TelegramBot.Webhook.Middleware.ExceptionMiddleware.InvokeAsync(HttpContext httpContext) in C:\Projects\Pet\CangguEvents\CangguEvents.TelegramBot\src\CangguEvents.TelegramBot.Webhook\Middleware\ExceptionMiddleware.cs:line 25
2020-05-05 12:57:08.975 +03:00 [INF] Request finished in 33528.1915ms 500 application/json
2020-05-05 12:57:09.237 +03:00 [INF] Request starting HTTP/1.1 POST http://80b7986e.ngrok.io/api/telegram/update/1093369186:AAFMPKqDmS2uH2OGpFgCZFmsCqpaPclIKIw application/json 381
2020-05-05 12:57:09.237 +03:00 [INF] Executing endpoint 'CangguEvents.TelegramBot.Webhook.Controllers.TelegramController.Update (CangguEvents.TelegramBot.Webhook)'
2020-05-05 12:57:09.238 +03:00 [INF] Route matched with {action = "Update", controller = "Telegram"}. Executing controller action with signature System.Threading.Tasks.Task Update(System.String, Telegram.Bot.Types.Update) on controller CangguEvents.TelegramBot.Webhook.Controllers.TelegramController (CangguEvents.TelegramBot.Webhook).
2020-05-05 12:57:09.239 +03:00 [INF] We received new {"Id":13836617,"Message":{"MessageId":999,"From":{"Id":197056415,"IsBot":false,"FirstName":"Oleh","LastName":"Hrechukh","Username":"olehrechukh","LanguageCode":"en","CanJoinGroups":null,"CanReadAllGroupMessages":null,"SupportsInlineQueries":null,"$type":"User"},"Date":"2020-05-05T09:56:50.0000000Z","Chat":{"Id":197056415,"Type":"Private","Title":null,"Username":"olehrechukh","FirstName":"Oleh","LastName":"Hrechukh","AllMembersAreAdministrators":false,"Photo":null,"Description":null,"InviteLink":null,"PinnedMessage":null,"Permissions":null,"SlowModeDelay":null,"StickerSetName":null,"CanSetStickerSet":null,"$type":"Chat"},"IsForwarded":false,"ForwardFrom":null,"ForwardFromChat":null,"ForwardFromMessageId":0,"ForwardSignature":null,"ForwardSenderName":null,"ForwardDate":null,"ReplyToMessage":null,"EditDate":null,"MediaGroupId":null,"AuthorSignature":null,"Text":"/start","Entities":[{"Type":"BotCommand","Offset":0,"Length":6,"Url":null,"User":null,"Language":null,"$type":"MessageEntity"}],"EntityValues":["/start"],"CaptionEntities":null,"CaptionEntityValues":null,"Audio":null,"Document":null,"Animation":null,"Game":null,"Photo":null,"Sticker":null,"Video":null,"Voice":null,"VideoNote":null,"Caption":null,"Contact":null,"Location":null,"Venue":null,"Poll":null,"Dice":null,"NewChatMembers":null,"LeftChatMember":null,"NewChatTitle":null,"NewChatPhoto":null,"DeleteChatPhoto":false,"GroupChatCreated":false,"SupergroupChatCreated":false,"ChannelChatCreated":false,"MigrateToChatId":0,"MigrateFromChatId":0,"PinnedMessage":null,"Invoice":null,"SuccessfulPayment":null,"ConnectedWebsite":null,"PassportData":null,"ReplyMarkup":null,"Type":"Text","$type":"Message"},"EditedMessage":null,"InlineQuery":null,"ChosenInlineResult":null,"CallbackQuery":null,"ChannelPost":null,"EditedChannelPost":null,"ShippingQuery":null,"PreCheckoutQuery":null,"Poll":null,"PollAnswer":null,"Type":"Message","$type":"Update"}
2020-05-05 12:57:09.239 +03:00 [INF] Parse Telegram.Bot.Types.Update to CangguEvents.TelegramBot.Application.Models.Commands.StartCommand
2020-05-05 13:26:12.301 +03:00 [INF] Now listening on: http://localhost:8443
2020-05-05 13:26:12.715 +03:00 [INF] Start webhook with https://80b7986e.ngrok.io/api/telegram/update 1093369186:AAFMPKqDmS2uH2OGpFgCZFmsCqpaPclIKIw
2020-05-05 13:26:14.362 +03:00 [INF] End set webhook
2020-05-05 13:26:14.363 +03:00 [INF] Application started. Press Ctrl+C to shut down.
2020-05-05 13:26:14.363 +03:00 [INF] Hosting environment: Development
2020-05-05 13:26:14.363 +03:00 [INF] Content root path: C:\Projects\Pet\CangguEvents\CangguEvents.TelegramBot\src\CangguEvents.TelegramBot.Webhook
2020-05-05 13:26:14.880 +03:00 [INF] Request starting HTTP/1.1 POST http://80b7986e.ngrok.io/api/telegram/update/1093369186:AAFMPKqDmS2uH2OGpFgCZFmsCqpaPclIKIw application/json 381
2020-05-05 13:26:14.902 +03:00 [INF] Executing endpoint 'CangguEvents.TelegramBot.Webhook.Controllers.TelegramController.Update (CangguEvents.TelegramBot.Webhook)'
2020-05-05 13:26:14.926 +03:00 [INF] Route matched with {action = "Update", controller = "Telegram"}. Executing controller action with signature System.Threading.Tasks.Task Update(System.String, Telegram.Bot.Types.Update) on controller CangguEvents.TelegramBot.Webhook.Controllers.TelegramController (CangguEvents.TelegramBot.Webhook).
2020-05-05 13:26:15.052 +03:00 [INF] We received new {"Id":13836616,"Message":{"MessageId":996,"From":{"Id":197056415,"IsBot":false,"FirstName":"Oleh","LastName":"Hrechukh","Username":"olehrechukh","LanguageCode":"en","CanJoinGroups":null,"CanReadAllGroupMessages":null,"SupportsInlineQueries":null,"$type":"User"},"Date":"2020-05-05T09:38:28.0000000Z","Chat":{"Id":197056415,"Type":"Private","Title":null,"Username":"olehrechukh","FirstName":"Oleh","LastName":"Hrechukh","AllMembersAreAdministrators":false,"Photo":null,"Description":null,"InviteLink":null,"PinnedMessage":null,"Permissions":null,"SlowModeDelay":null,"StickerSetName":null,"CanSetStickerSet":null,"$type":"Chat"},"IsForwarded":false,"ForwardFrom":null,"ForwardFromChat":null,"ForwardFromMessageId":0,"ForwardSignature":null,"ForwardSenderName":null,"ForwardDate":null,"ReplyToMessage":null,"EditDate":null,"MediaGroupId":null,"AuthorSignature":null,"Text":"/start","Entities":[{"Type":"BotCommand","Offset":0,"Length":6,"Url":null,"User":null,"Language":null,"$type":"MessageEntity"}],"EntityValues":["/start"],"CaptionEntities":null,"CaptionEntityValues":null,"Audio":null,"Document":null,"Animation":null,"Game":null,"Photo":null,"Sticker":null,"Video":null,"Voice":null,"VideoNote":null,"Caption":null,"Contact":null,"Location":null,"Venue":null,"Poll":null,"Dice":null,"NewChatMembers":null,"LeftChatMember":null,"NewChatTitle":null,"NewChatPhoto":null,"DeleteChatPhoto":false,"GroupChatCreated":false,"SupergroupChatCreated":false,"ChannelChatCreated":false,"MigrateToChatId":0,"MigrateFromChatId":0,"PinnedMessage":null,"Invoice":null,"SuccessfulPayment":null,"ConnectedWebsite":null,"PassportData":null,"ReplyMarkup":null,"Type":"Text","$type":"Message"},"EditedMessage":null,"InlineQuery":null,"ChosenInlineResult":null,"CallbackQuery":null,"ChannelPost":null,"EditedChannelPost":null,"ShippingQuery":null,"PreCheckoutQuery":null,"Poll":null,"PollAnswer":null,"Type":"Message","$type":"Update"}
2020-05-05 13:26:15.055 +03:00 [INF] Parse Telegram.Bot.Types.Update to CangguEvents.TelegramBot.Application.Models.Commands.StartCommand
2020-05-05 13:26:23.551 +03:00 [INF] Send CangguEvents.TelegramBot.Application.Models.Responses.KeyboardTelegramResponse
2020-05-05 13:26:25.920 +03:00 [INF] Executed action CangguEvents.TelegramBot.Webhook.Controllers.TelegramController.Update (CangguEvents.TelegramBot.Webhook) in 10991.3492ms
2020-05-05 13:26:25.920 +03:00 [INF] Executed endpoint 'CangguEvents.TelegramBot.Webhook.Controllers.TelegramController.Update (CangguEvents.TelegramBot.Webhook)'
2020-05-05 13:26:25.921 +03:00 [INF] HTTP POST /api/telegram/update/1093369186:AAFMPKqDmS2uH2OGpFgCZFmsCqpaPclIKIw responded 200 in 11036.2710 ms
2020-05-05 13:26:25.928 +03:00 [INF] Request finished in 11048.6591ms 200 
2020-05-05 13:26:26.184 +03:00 [INF] Request starting HTTP/1.1 POST http://80b7986e.ngrok.io/api/telegram/update/1093369186:AAFMPKqDmS2uH2OGpFgCZFmsCqpaPclIKIw application/json 381
2020-05-05 13:26:26.184 +03:00 [INF] Executing endpoint 'CangguEvents.TelegramBot.Webhook.Controllers.TelegramController.Update (CangguEvents.TelegramBot.Webhook)'
2020-05-05 13:26:26.184 +03:00 [INF] Route matched with {action = "Update", controller = "Telegram"}. Executing controller action with signature System.Threading.Tasks.Task Update(System.String, Telegram.Bot.Types.Update) on controller CangguEvents.TelegramBot.Webhook.Controllers.TelegramController (CangguEvents.TelegramBot.Webhook).
2020-05-05 13:26:26.185 +03:00 [INF] We received new {"Id":13836617,"Message":{"MessageId":999,"From":{"Id":197056415,"IsBot":false,"FirstName":"Oleh","LastName":"Hrechukh","Username":"olehrechukh","LanguageCode":"en","CanJoinGroups":null,"CanReadAllGroupMessages":null,"SupportsInlineQueries":null,"$type":"User"},"Date":"2020-05-05T09:56:50.0000000Z","Chat":{"Id":197056415,"Type":"Private","Title":null,"Username":"olehrechukh","FirstName":"Oleh","LastName":"Hrechukh","AllMembersAreAdministrators":false,"Photo":null,"Description":null,"InviteLink":null,"PinnedMessage":null,"Permissions":null,"SlowModeDelay":null,"StickerSetName":null,"CanSetStickerSet":null,"$type":"Chat"},"IsForwarded":false,"ForwardFrom":null,"ForwardFromChat":null,"ForwardFromMessageId":0,"ForwardSignature":null,"ForwardSenderName":null,"ForwardDate":null,"ReplyToMessage":null,"EditDate":null,"MediaGroupId":null,"AuthorSignature":null,"Text":"/start","Entities":[{"Type":"BotCommand","Offset":0,"Length":6,"Url":null,"User":null,"Language":null,"$type":"MessageEntity"}],"EntityValues":["/start"],"CaptionEntities":null,"CaptionEntityValues":null,"Audio":null,"Document":null,"Animation":null,"Game":null,"Photo":null,"Sticker":null,"Video":null,"Voice":null,"VideoNote":null,"Caption":null,"Contact":null,"Location":null,"Venue":null,"Poll":null,"Dice":null,"NewChatMembers":null,"LeftChatMember":null,"NewChatTitle":null,"NewChatPhoto":null,"DeleteChatPhoto":false,"GroupChatCreated":false,"SupergroupChatCreated":false,"ChannelChatCreated":false,"MigrateToChatId":0,"MigrateFromChatId":0,"PinnedMessage":null,"Invoice":null,"SuccessfulPayment":null,"ConnectedWebsite":null,"PassportData":null,"ReplyMarkup":null,"Type":"Text","$type":"Message"},"EditedMessage":null,"InlineQuery":null,"ChosenInlineResult":null,"CallbackQuery":null,"ChannelPost":null,"EditedChannelPost":null,"ShippingQuery":null,"PreCheckoutQuery":null,"Poll":null,"PollAnswer":null,"Type":"Message","$type":"Update"}
2020-05-05 13:26:26.185 +03:00 [INF] Parse Telegram.Bot.Types.Update to CangguEvents.TelegramBot.Application.Models.Commands.StartCommand
2020-05-05 13:26:30.264 +03:00 [INF] Send CangguEvents.TelegramBot.Application.Models.Responses.KeyboardTelegramResponse
2020-05-05 13:26:30.265 +03:00 [INF] Request starting HTTP/1.1 POST http://80b7986e.ngrok.io/api/telegram/update/1093369186:AAFMPKqDmS2uH2OGpFgCZFmsCqpaPclIKIw application/json 339
2020-05-05 13:26:30.265 +03:00 [INF] Executing endpoint 'CangguEvents.TelegramBot.Webhook.Controllers.TelegramController.Update (CangguEvents.TelegramBot.Webhook)'
2020-05-05 13:26:30.267 +03:00 [INF] Route matched with {action = "Update", controller = "Telegram"}. Executing controller action with signature System.Threading.Tasks.Task Update(System.String, Telegram.Bot.Types.Update) on controller CangguEvents.TelegramBot.Webhook.Controllers.TelegramController (CangguEvents.TelegramBot.Webhook).
2020-05-05 13:26:30.273 +03:00 [INF] We received new {"Id":13836618,"Message":{"MessageId":1000,"From":{"Id":197056415,"IsBot":false,"FirstName":"Oleh","LastName":"Hrechukh","Username":"olehrechukh","LanguageCode":"en","CanJoinGroups":null,"CanReadAllGroupMessages":null,"SupportsInlineQueries":null,"$type":"User"},"Date":"2020-05-05T09:56:55.0000000Z","Chat":{"Id":197056415,"Type":"Private","Title":null,"Username":"olehrechukh","FirstName":"Oleh","LastName":"Hrechukh","AllMembersAreAdministrators":false,"Photo":null,"Description":null,"InviteLink":null,"PinnedMessage":null,"Permissions":null,"SlowModeDelay":null,"StickerSetName":null,"CanSetStickerSet":null,"$type":"Chat"},"IsForwarded":false,"ForwardFrom":null,"ForwardFromChat":null,"ForwardFromMessageId":0,"ForwardSignature":null,"ForwardSenderName":null,"ForwardDate":null,"ReplyToMessage":null,"EditDate":null,"MediaGroupId":null,"AuthorSignature":null,"Text":"Settings ðŸ”¨","Entities":null,"EntityValues":null,"CaptionEntities":null,"CaptionEntityValues":null,"Audio":null,"Document":null,"Animation":null,"Game":null,"Photo":null,"Sticker":null,"Video":null,"Voice":null,"VideoNote":null,"Caption":null,"Contact":null,"Location":null,"Venue":null,"Poll":null,"Dice":null,"NewChatMembers":null,"LeftChatMember":null,"NewChatTitle":null,"NewChatPhoto":null,"DeleteChatPhoto":false,"GroupChatCreated":false,"SupergroupChatCreated":false,"ChannelChatCreated":false,"MigrateToChatId":0,"MigrateFromChatId":0,"PinnedMessage":null,"Invoice":null,"SuccessfulPayment":null,"ConnectedWebsite":null,"PassportData":null,"ReplyMarkup":null,"Type":"Text","$type":"Message"},"EditedMessage":null,"InlineQuery":null,"ChosenInlineResult":null,"CallbackQuery":null,"ChannelPost":null,"EditedChannelPost":null,"ShippingQuery":null,"PreCheckoutQuery":null,"Poll":null,"PollAnswer":null,"Type":"Message","$type":"Update"}
2020-05-05 13:26:30.274 +03:00 [INF] Parse Telegram.Bot.Types.Update to CangguEvents.TelegramBot.Application.Models.Commands.SettingsCommand
2020-05-05 13:26:34.212 +03:00 [INF] Executed action CangguEvents.TelegramBot.Webhook.Controllers.TelegramController.Update (CangguEvents.TelegramBot.Webhook) in 8027.1357ms
2020-05-05 13:26:34.212 +03:00 [INF] Executed endpoint 'CangguEvents.TelegramBot.Webhook.Controllers.TelegramController.Update (CangguEvents.TelegramBot.Webhook)'
2020-05-05 13:26:34.212 +03:00 [INF] HTTP POST /api/telegram/update/1093369186:AAFMPKqDmS2uH2OGpFgCZFmsCqpaPclIKIw responded 200 in 8027.8861 ms
2020-05-05 13:26:34.212 +03:00 [INF] Request finished in 8028.4394ms 200 
2020-05-05 13:26:34.284 +03:00 [INF] Send CangguEvents.TelegramBot.Application.Models.Responses.KeyboardTelegramResponse
2020-05-05 13:26:34.439 +03:00 [INF] Executed action CangguEvents.TelegramBot.Webhook.Controllers.TelegramController.Update (CangguEvents.TelegramBot.Webhook) in 4171.467ms
2020-05-05 13:26:34.439 +03:00 [INF] Executed endpoint 'CangguEvents.TelegramBot.Webhook.Controllers.TelegramController.Update (CangguEvents.TelegramBot.Webhook)'
2020-05-05 13:26:34.439 +03:00 [INF] HTTP POST /api/telegram/update/1093369186:AAFMPKqDmS2uH2OGpFgCZFmsCqpaPclIKIw responded 200 in 4173.7594 ms
2020-05-05 13:26:34.439 +03:00 [INF] Request finished in 4175.1903ms 200 
2020-05-05 13:26:38.579 +03:00 [INF] Request starting HTTP/1.1 POST http://80b7986e.ngrok.io/api/telegram/update/1093369186:AAFMPKqDmS2uH2OGpFgCZFmsCqpaPclIKIw application/json 329
2020-05-05 13:26:38.579 +03:00 [INF] Executing endpoint 'CangguEvents.TelegramBot.Webhook.Controllers.TelegramController.Update (CangguEvents.TelegramBot.Webhook)'
2020-05-05 13:26:38.579 +03:00 [INF] Route matched with {action = "Update", controller = "Telegram"}. Executing controller action with signature System.Threading.Tasks.Task Update(System.String, Telegram.Bot.Types.Update) on controller CangguEvents.TelegramBot.Webhook.Controllers.TelegramController (CangguEvents.TelegramBot.Webhook).
2020-05-05 13:26:38.580 +03:00 [INF] We received new {"Id":13836619,"Message":{"MessageId":1004,"From":{"Id":197056415,"IsBot":false,"FirstName":"Oleh","LastName":"Hrechukh","Username":"olehrechukh","LanguageCode":"en","CanJoinGroups":null,"CanReadAllGroupMessages":null,"SupportsInlineQueries":null,"$type":"User"},"Date":"2020-05-05T10:26:38.0000000Z","Chat":{"Id":197056415,"Type":"Private","Title":null,"Username":"olehrechukh","FirstName":"Oleh","LastName":"Hrechukh","AllMembersAreAdministrators":false,"Photo":null,"Description":null,"InviteLink":null,"PinnedMessage":null,"Permissions":null,"SlowModeDelay":null,"StickerSetName":null,"CanSetStickerSet":null,"$type":"Chat"},"IsForwarded":false,"ForwardFrom":null,"ForwardFromChat":null,"ForwardFromMessageId":0,"ForwardSignature":null,"ForwardSenderName":null,"ForwardDate":null,"ReplyToMessage":null,"EditDate":null,"MediaGroupId":null,"AuthorSignature":null,"Text":"âª Back","Entities":null,"EntityValues":null,"CaptionEntities":null,"CaptionEntityValues":null,"Audio":null,"Document":null,"Animation":null,"Game":null,"Photo":null,"Sticker":null,"Video":null,"Voice":null,"VideoNote":null,"Caption":null,"Contact":null,"Location":null,"Venue":null,"Poll":null,"Dice":null,"NewChatMembers":null,"LeftChatMember":null,"NewChatTitle":null,"NewChatPhoto":null,"DeleteChatPhoto":false,"GroupChatCreated":false,"SupergroupChatCreated":false,"ChannelChatCreated":false,"MigrateToChatId":0,"MigrateFromChatId":0,"PinnedMessage":null,"Invoice":null,"SuccessfulPayment":null,"ConnectedWebsite":null,"PassportData":null,"ReplyMarkup":null,"Type":"Text","$type":"Message"},"EditedMessage":null,"InlineQuery":null,"ChosenInlineResult":null,"CallbackQuery":null,"ChannelPost":null,"EditedChannelPost":null,"ShippingQuery":null,"PreCheckoutQuery":null,"Poll":null,"PollAnswer":null,"Type":"Message","$type":"Update"}
2020-05-05 13:26:38.580 +03:00 [INF] Parse Telegram.Bot.Types.Update to CangguEvents.TelegramBot.Application.Models.Commands.BackCommand
2020-05-05 13:26:38.580 +03:00 [INF] Send CangguEvents.TelegramBot.Application.Models.Responses.KeyboardTelegramResponse
2020-05-05 13:26:38.665 +03:00 [INF] Executed action CangguEvents.TelegramBot.Webhook.Controllers.TelegramController.Update (CangguEvents.TelegramBot.Webhook) in 85.6644ms
2020-05-05 13:26:38.665 +03:00 [INF] Executed endpoint 'CangguEvents.TelegramBot.Webhook.Controllers.TelegramController.Update (CangguEvents.TelegramBot.Webhook)'
2020-05-05 13:26:38.665 +03:00 [INF] HTTP POST /api/telegram/update/1093369186:AAFMPKqDmS2uH2OGpFgCZFmsCqpaPclIKIw responded 200 in 85.9141 ms
2020-05-05 13:26:38.665 +03:00 [INF] Request finished in 86.1485ms 200 
2020-05-05 13:26:40.922 +03:00 [INF] Request starting HTTP/1.1 POST http://80b7986e.ngrok.io/api/telegram/update/1093369186:AAFMPKqDmS2uH2OGpFgCZFmsCqpaPclIKIw application/json 323
2020-05-05 13:26:40.922 +03:00 [INF] Executing endpoint 'CangguEvents.TelegramBot.Webhook.Controllers.TelegramController.Update (CangguEvents.TelegramBot.Webhook)'
2020-05-05 13:26:40.923 +03:00 [INF] Route matched with {action = "Update", controller = "Telegram"}. Executing controller action with signature System.Threading.Tasks.Task Update(System.String, Telegram.Bot.Types.Update) on controller CangguEvents.TelegramBot.Webhook.Controllers.TelegramController (CangguEvents.TelegramBot.Webhook).
2020-05-05 13:26:40.923 +03:00 [INF] We received new {"Id":13836620,"Message":{"MessageId":1006,"From":{"Id":197056415,"IsBot":false,"FirstName":"Oleh","LastName":"Hrechukh","Username":"olehrechukh","LanguageCode":"en","CanJoinGroups":null,"CanReadAllGroupMessages":null,"SupportsInlineQueries":null,"$type":"User"},"Date":"2020-05-05T10:26:40.0000000Z","Chat":{"Id":197056415,"Type":"Private","Title":null,"Username":"olehrechukh","FirstName":"Oleh","LastName":"Hrechukh","AllMembersAreAdministrators":false,"Photo":null,"Description":null,"InviteLink":null,"PinnedMessage":null,"Permissions":null,"SlowModeDelay":null,"StickerSetName":null,"CanSetStickerSet":null,"$type":"Chat"},"IsForwarded":false,"ForwardFrom":null,"ForwardFromChat":null,"ForwardFromMessageId":0,"ForwardSignature":null,"ForwardSenderName":null,"ForwardDate":null,"ReplyToMessage":null,"EditDate":null,"MediaGroupId":null,"AuthorSignature":null,"Text":"Today","Entities":null,"EntityValues":null,"CaptionEntities":null,"CaptionEntityValues":null,"Audio":null,"Document":null,"Animation":null,"Game":null,"Photo":null,"Sticker":null,"Video":null,"Voice":null,"VideoNote":null,"Caption":null,"Contact":null,"Location":null,"Venue":null,"Poll":null,"Dice":null,"NewChatMembers":null,"LeftChatMember":null,"NewChatTitle":null,"NewChatPhoto":null,"DeleteChatPhoto":false,"GroupChatCreated":false,"SupergroupChatCreated":false,"ChannelChatCreated":false,"MigrateToChatId":0,"MigrateFromChatId":0,"PinnedMessage":null,"Invoice":null,"SuccessfulPayment":null,"ConnectedWebsite":null,"PassportData":null,"ReplyMarkup":null,"Type":"Text","$type":"Message"},"EditedMessage":null,"InlineQuery":null,"ChosenInlineResult":null,"CallbackQuery":null,"ChannelPost":null,"EditedChannelPost":null,"ShippingQuery":null,"PreCheckoutQuery":null,"Poll":null,"PollAnswer":null,"Type":"Message","$type":"Update"}
2020-05-05 13:26:40.925 +03:00 [INF] Parse Telegram.Bot.Types.Update to CangguEvents.TelegramBot.Application.Models.Commands.EventsCommand
2020-05-05 13:26:41.356 +03:00 [INF] Executed action CangguEvents.TelegramBot.Webhook.Controllers.TelegramController.Update (CangguEvents.TelegramBot.Webhook) in 433.6598ms
2020-05-05 13:26:41.356 +03:00 [INF] Executed endpoint 'CangguEvents.TelegramBot.Webhook.Controllers.TelegramController.Update (CangguEvents.TelegramBot.Webhook)'
2020-05-05 13:26:41.356 +03:00 [INF] HTTP POST /api/telegram/update/1093369186:AAFMPKqDmS2uH2OGpFgCZFmsCqpaPclIKIw responded 200 in 433.9393 ms
2020-05-05 13:26:41.356 +03:00 [INF] Request finished in 434.1242ms 200 
2020-05-05 13:26:46.575 +03:00 [INF] Request starting HTTP/1.1 POST http://80b7986e.ngrok.io/api/telegram/update/1093369186:AAFMPKqDmS2uH2OGpFgCZFmsCqpaPclIKIw application/json 323
2020-05-05 13:26:46.575 +03:00 [INF] Executing endpoint 'CangguEvents.TelegramBot.Webhook.Controllers.TelegramController.Update (CangguEvents.TelegramBot.Webhook)'
2020-05-05 13:26:46.575 +03:00 [INF] Route matched with {action = "Update", controller = "Telegram"}. Executing controller action with signature System.Threading.Tasks.Task Update(System.String, Telegram.Bot.Types.Update) on controller CangguEvents.TelegramBot.Webhook.Controllers.TelegramController (CangguEvents.TelegramBot.Webhook).
2020-05-05 13:26:46.576 +03:00 [INF] We received new {"Id":13836621,"Message":{"MessageId":1007,"From":{"Id":197056415,"IsBot":false,"FirstName":"Oleh","LastName":"Hrechukh","Username":"olehrechukh","LanguageCode":"en","CanJoinGroups":null,"CanReadAllGroupMessages":null,"SupportsInlineQueries":null,"$type":"User"},"Date":"2020-05-05T10:26:46.0000000Z","Chat":{"Id":197056415,"Type":"Private","Title":null,"Username":"olehrechukh","FirstName":"Oleh","LastName":"Hrechukh","AllMembersAreAdministrators":false,"Photo":null,"Description":null,"InviteLink":null,"PinnedMessage":null,"Permissions":null,"SlowModeDelay":null,"StickerSetName":null,"CanSetStickerSet":null,"$type":"Chat"},"IsForwarded":false,"ForwardFrom":null,"ForwardFromChat":null,"ForwardFromMessageId":0,"ForwardSignature":null,"ForwardSenderName":null,"ForwardDate":null,"ReplyToMessage":null,"EditDate":null,"MediaGroupId":null,"AuthorSignature":null,"Text":"Today","Entities":null,"EntityValues":null,"CaptionEntities":null,"CaptionEntityValues":null,"Audio":null,"Document":null,"Animation":null,"Game":null,"Photo":null,"Sticker":null,"Video":null,"Voice":null,"VideoNote":null,"Caption":null,"Contact":null,"Location":null,"Venue":null,"Poll":null,"Dice":null,"NewChatMembers":null,"LeftChatMember":null,"NewChatTitle":null,"NewChatPhoto":null,"DeleteChatPhoto":false,"GroupChatCreated":false,"SupergroupChatCreated":false,"ChannelChatCreated":false,"MigrateToChatId":0,"MigrateFromChatId":0,"PinnedMessage":null,"Invoice":null,"SuccessfulPayment":null,"ConnectedWebsite":null,"PassportData":null,"ReplyMarkup":null,"Type":"Text","$type":"Message"},"EditedMessage":null,"InlineQuery":null,"ChosenInlineResult":null,"CallbackQuery":null,"ChannelPost":null,"EditedChannelPost":null,"ShippingQuery":null,"PreCheckoutQuery":null,"Poll":null,"PollAnswer":null,"Type":"Message","$type":"Update"}
2020-05-05 13:26:46.576 +03:00 [INF] Parse Telegram.Bot.Types.Update to CangguEvents.TelegramBot.Application.Models.Commands.EventsCommand
2020-05-05 13:26:46.679 +03:00 [INF] Executed action CangguEvents.TelegramBot.Webhook.Controllers.TelegramController.Update (CangguEvents.TelegramBot.Webhook) in 103.9037ms
2020-05-05 13:26:46.679 +03:00 [INF] Executed endpoint 'CangguEvents.TelegramBot.Webhook.Controllers.TelegramController.Update (CangguEvents.TelegramBot.Webhook)'
2020-05-05 13:26:46.679 +03:00 [INF] HTTP POST /api/telegram/update/1093369186:AAFMPKqDmS2uH2OGpFgCZFmsCqpaPclIKIw responded 200 in 104.1591 ms
2020-05-05 13:26:46.680 +03:00 [INF] Request finished in 104.3621ms 200 
2020-05-05 14:09:36.744 +03:00 [INF] Entity Framework Core 3.1.0 initialized 'EventsContext' using provider 'Microsoft.EntityFrameworkCore.Sqlite' with options: None
2020-05-05 14:09:37.174 +03:00 [INF] Executed DbCommand (9ms) [Parameters=[], CommandType='"Text"', CommandTimeout='30']
SELECT "e"."Id", "e"."CreationTime", "e"."Description", "e"."Image", "e"."LocationId", "e"."Name", "l"."Id", "l"."CreationTime", "l"."GoogleUrl", "l"."Latitude", "l"."Longitude", "d"."Id", "d"."CreationTime", "d"."DayOfWeek", "d"."EventEntityId"
FROM "Events" AS "e"
INNER JOIN "LocationEntity" AS "l" ON "e"."LocationId" = "l"."Id"
LEFT JOIN "DayOfWeekEntity" AS "d" ON "e"."Id" = "d"."EventEntityId"
ORDER BY "e"."Id", "l"."Id", "d"."Id"
2020-05-05 14:09:47.958 +03:00 [INF] Now listening on: http://localhost:8443
2020-05-05 14:09:48.287 +03:00 [INF] Start webhook with https://80b7986e.ngrok.io/api/telegram/update 1093369186:AAFMPKqDmS2uH2OGpFgCZFmsCqpaPclIKIw
2020-05-05 14:09:48.371 +03:00 [INF] End set webhook
2020-05-05 14:09:48.371 +03:00 [INF] Application started. Press Ctrl+C to shut down.
2020-05-05 14:09:48.371 +03:00 [INF] Hosting environment: Development
2020-05-05 14:09:48.371 +03:00 [INF] Content root path: C:\Projects\Pet\CangguEvents\CangguEvents.TelegramBot\src\CangguEvents.TelegramBot.Webhook
2020-05-05 14:09:54.148 +03:00 [INF] Request starting HTTP/1.1 POST http://80b7986e.ngrok.io/api/telegram/update/1093369186:AAFMPKqDmS2uH2OGpFgCZFmsCqpaPclIKIw application/json 323
2020-05-05 14:09:54.168 +03:00 [INF] Executing endpoint 'CangguEvents.TelegramBot.Webhook.Controllers.TelegramController.Update (CangguEvents.TelegramBot.Webhook)'
2020-05-05 14:09:54.188 +03:00 [INF] Route matched with {action = "Update", controller = "Telegram"}. Executing controller action with signature System.Threading.Tasks.Task Update(System.String, Telegram.Bot.Types.Update) on controller CangguEvents.TelegramBot.Webhook.Controllers.TelegramController (CangguEvents.TelegramBot.Webhook).
2020-05-05 14:09:54.313 +03:00 [INF] We received new {"Id":13836622,"Message":{"MessageId":1008,"From":{"Id":197056415,"IsBot":false,"FirstName":"Oleh","LastName":"Hrechukh","Username":"olehrechukh","LanguageCode":"en","CanJoinGroups":null,"CanReadAllGroupMessages":null,"SupportsInlineQueries":null,"$type":"User"},"Date":"2020-05-05T11:09:53.0000000Z","Chat":{"Id":197056415,"Type":"Private","Title":null,"Username":"olehrechukh","FirstName":"Oleh","LastName":"Hrechukh","AllMembersAreAdministrators":false,"Photo":null,"Description":null,"InviteLink":null,"PinnedMessage":null,"Permissions":null,"SlowModeDelay":null,"StickerSetName":null,"CanSetStickerSet":null,"$type":"Chat"},"IsForwarded":false,"ForwardFrom":null,"ForwardFromChat":null,"ForwardFromMessageId":0,"ForwardSignature":null,"ForwardSenderName":null,"ForwardDate":null,"ReplyToMessage":null,"EditDate":null,"MediaGroupId":null,"AuthorSignature":null,"Text":"Today","Entities":null,"EntityValues":null,"CaptionEntities":null,"CaptionEntityValues":null,"Audio":null,"Document":null,"Animation":null,"Game":null,"Photo":null,"Sticker":null,"Video":null,"Voice":null,"VideoNote":null,"Caption":null,"Contact":null,"Location":null,"Venue":null,"Poll":null,"Dice":null,"NewChatMembers":null,"LeftChatMember":null,"NewChatTitle":null,"NewChatPhoto":null,"DeleteChatPhoto":false,"GroupChatCreated":false,"SupergroupChatCreated":false,"ChannelChatCreated":false,"MigrateToChatId":0,"MigrateFromChatId":0,"PinnedMessage":null,"Invoice":null,"SuccessfulPayment":null,"ConnectedWebsite":null,"PassportData":null,"ReplyMarkup":null,"Type":"Text","$type":"Message"},"EditedMessage":null,"InlineQuery":null,"ChosenInlineResult":null,"CallbackQuery":null,"ChannelPost":null,"EditedChannelPost":null,"ShippingQuery":null,"PreCheckoutQuery":null,"Poll":null,"PollAnswer":null,"Type":"Message","$type":"Update"}
2020-05-05 14:09:54.318 +03:00 [INF] Parse Telegram.Bot.Types.Update to CangguEvents.TelegramBot.Application.Models.Commands.EventsCommand
2020-05-05 14:09:54.727 +03:00 [INF] Send CangguEvents.TelegramBot.Application.Models.Responses.KeyboardTelegramResponse
2020-05-05 14:09:54.903 +03:00 [INF] Send CangguEvents.TelegramBot.Application.Models.Responses.KeyboardTelegramResponse
2020-05-05 14:09:55.018 +03:00 [INF] Executed action CangguEvents.TelegramBot.Webhook.Controllers.TelegramController.Update (CangguEvents.TelegramBot.Webhook) in 827.7553ms
2020-05-05 14:09:55.019 +03:00 [INF] Executed endpoint 'CangguEvents.TelegramBot.Webhook.Controllers.TelegramController.Update (CangguEvents.TelegramBot.Webhook)'
2020-05-05 14:09:55.020 +03:00 [INF] HTTP POST /api/telegram/update/1093369186:AAFMPKqDmS2uH2OGpFgCZFmsCqpaPclIKIw responded 200 in 867.4678 ms
2020-05-05 14:09:55.024 +03:00 [INF] Request finished in 877.1998ms 200 
